<?xml version="1.0" encoding="UTF-8"?>
<testng-results skipped="0" failed="0" ignored="0" total="1" passed="1">
  <reporter-output>
  </reporter-output>
  <suite name="Suite" duration-ms="20199" started-at="2018-09-10T09:28:45Z" finished-at="2018-09-10T09:29:05Z">
    <groups>
    </groups>
    <test name="Test" duration-ms="20199" started-at="2018-09-10T09:28:45Z" finished-at="2018-09-10T09:29:05Z">
      <class name="com.xxx.selenium.xxx">
        <test-method status="PASS" signature="testCase1()[pri:0, instance:com.xxx.selenium.xxx@262b2c86]" name="testCase1" duration-ms="20168" started-at="2018-09-10T09:28:45Z" finished-at="2018-09-10T09:29:05Z">
          <reporter-output>
          </reporter-output>
        </test-method> <!-- testCase1 -->
      </class> <!-- com.xxx.selenium.xxx -->
    </test> <!-- Test -->
  </suite> <!-- Suite -->
</testng-results>
